2021-05-26 13:24:33,931 - DEBUG - app_logger - Validation error in post Department by Api is {'mood': ['Unknown field.']}
2021-05-26 13:24:33,937 - DEBUG - app_logger - Department not unique, already exists
2021-05-26 13:24:33,966 - DEBUG - app_logger - [{'name': 'Fake Employee', 'birthday': '1990-03-05', 'salary': 1000, 'dep': 'frontend123'}]
2021-05-26 13:24:33,983 - DEBUG - app_logger - [{'name': 'Fake Employee', 'birthday': '1990-03-05', 'salary': 1000, 'dep': 'frontend123'}]
2021-05-26 13:24:33,994 - DEBUG - app_logger - <Employee 2>
2021-05-26 13:24:33,995 - DEBUG - app_logger - <Employee 8>
2021-05-26 13:24:33,995 - DEBUG - app_logger - <Employee 16>
2021-05-26 13:24:33,995 - DEBUG - app_logger - <Employee 19>
2021-05-26 13:24:34,019 - DEBUG - app_logger - Validation error in put Department by Api is {'mood': ['Unknown field.']}
2021-05-26 13:24:34,219 - DEBUG - app_logger - [{'name': 'Fake Employee', 'birthday': '1990-03-05', 'salary': 1000, 'dep': 'frontend'}]
2021-05-26 13:24:34,226 - DEBUG - app_logger - [{'name': 'Fake Employee', 'birthday': '1990-03-05', 'salary': 1000, 'dep': 'frontend'}]
2021-05-26 13:24:34,236 - DEBUG - app_logger - [{'name': 'Fake Employee', 'birthday': '1990-03-05', 'salary': 1000, 'dep': 'some super mega strange name department'}]
2021-05-26 13:24:34,249 - DEBUG - app_logger - [{'name': 'Fake Employee', 'birthday': '1990-03-05', 'salary': 1000, 'dep': 'web', 'mood': 'crazy'}]
2021-05-26 13:24:34,251 - DEBUG - app_logger - Validation error to post Employee by Api is {'mood': ['Unknown field.']}
2021-05-26 13:24:34,255 - DEBUG - app_logger - [{'name': 'Fake Employee', 'birthday': '2020-03-05', 'salary': 1000, 'dep': 'web'}]
2021-05-26 13:24:34,257 - DEBUG - app_logger - Validation error to post Employee by Api is {'birthday': ['birthday must not be greater than 2015.']}
2021-05-26 13:24:34,262 - DEBUG - app_logger - [{'name': 'Fake Employee', 'birthday': '1900-03-05', 'salary': 1000, 'dep': 'web'}]
2021-05-26 13:24:34,264 - DEBUG - app_logger - Validation error to post Employee by Api is {'birthday': ['birthday must be greater than 1930.']}
2021-05-26 13:24:34,276 - DEBUG - app_logger - [{'name': 'Test Employee', 'birthday': '1990-03-05', 'salary': 560, 'dep': 'web'}]
2021-05-26 13:24:34,316 - DEBUG - app_logger - Validation error in put Employee by Api is {'mood': ['Unknown field.']}
2021-05-26 13:24:34,323 - DEBUG - app_logger - Validation error in patch Employee by Api is {'mood': ['Unknown field.']}
2021-05-26 13:24:34,924 - DEBUG - app_logger - Value error 'the first date must be less than the second'
2021-05-26 13:24:34,948 - DEBUG - app_logger - Value error for search Employees between dates is time data '19850722' does not match format '%Y-%m-%d'
2021-05-26 13:24:35,079 - DEBUG - app_logger - Value error for insert Employee in field birthday is time data '1990.11.11' does not match format '%Y-%m-%d'
2021-05-26 13:24:35,100 - DEBUG - app_logger - Value error for insert Employee in field birthday is time data '1990.11.11' does not match format '%Y-%m-%d'
2021-05-26 13:24:35,188 - DEBUG - app_logger - Value error for insert Employee in field birthday is date must be in range between dates 1900-01-01 and 2015-01-01
2021-05-26 13:24:35,209 - DEBUG - app_logger - Value error for insert Employee in field birthday is date must be in range between dates 1900-01-01 and 2015-01-01
2021-05-26 13:24:35,234 - DEBUG - app_logger - Validation error, fields name or department are empty
2021-05-26 13:24:35,268 - DEBUG - app_logger - Validation error, fields name or department are empty
2021-05-26 13:24:35,302 - DEBUG - app_logger - Value error for insert Employee in field salary
2021-05-26 13:24:35,323 - DEBUG - app_logger - Value error for insert Employee in field salary
2021-05-26 13:24:35,385 - DEBUG - app_logger - Value error for update Employee in field birthday is time data '1989.06.10' does not match format '%Y-%m-%d'
2021-05-26 13:24:35,409 - DEBUG - app_logger - Value error for update Employee in field salary
2021-05-26 13:24:35,434 - DEBUG - app_logger - Validation error, fields name or department are empty
2021-05-26 13:24:35,562 - DEBUG - app_logger - Validation error, field name must not be empty
2021-05-26 13:24:35,621 - DEBUG - app_logger - Validation error, field name must not be empty
ichards', 'birthday': '1985-08-12', 'salary': 2600, 'dep': 'frontend'}]
2021-05-26 13:24:34,978 - DEBUG - app_logger - [{'name': 'Fake Employee', 'birthday': '1990-11-11', 'salary': '789', 'dep': 'some_department'}]
2021-05-26 13:24:35,015 - DEBUG - app_logger - [{'name': 'Fake Employee', 'birthday': '1990-11-11', 'salary': '789', 'dep': 'some_department'}]
2021-05-26 13:24:35,048 - DEBUG - app_logger - [{'name': 'Fake Employee', 'birthday': '1990-11-11', 'salary': '789', 'dep': 'some_department'}]
2021-05-26 13:24:35,130 - DEBUG - app_logger - [{'name': 'Fake Employee', 'birthday': '1900-11-11', 'salary': '789', 'dep': 'some_department'}]
2021-05-26 13:24:35,132 - DEBUG - app_logger - Validation error to post Employee by Api is {'birthday': ['birthday must be greater than 1930.']}
2021-05-26 13:24:35,160 - DEBUG - app_logger - [{'name': 'Fake Employee', 'birthday': '1900-11-11', 'salary': '789', 'dep': 'some_department'}]
2021-05-26 13:24:35,162 - DEBUG - app_logger - Validation error to post Employee by Api is {'birthday': ['birthday must be greater than 1930.']}
2021-05-26 13:24:35,239 - DEBUG - app_logger - [{'name': '', 'birthday': '1990-11-11', 'salary': '789', 'dep': ' '}]
2021-05-26 13:24:35,245 - DEBUG - app_logger - Validation error to post Employee by Api is {'name': ['String does not match expected pattern.']}
2021-05-26 13:24:35,274 - DEBUG - app_logger - [{'name': '', 'birthday': '1990-11-11', 'salary': '789', 'dep': ' '}]
2021-05-26 13:24:35,275 - DEBUG - app_logger - Validation error to post Employee by Api is {'name': ['String does not match expected pattern.']}
2021-05-26 13:24:35,570 - DEBUG - app_logger - Department not unique, already exists
2021-05-26 13:24:35,629 - DEBUG - app_logger - <Employee 37>
2021-05-26 13:24:35,629 - DEBUG - app_logger - <Employee 62>
